# JRE version: OpenJDK Runtime Environment Temurin-17.0.7+7 (17.0.7+7) (build 17.0.7+7)
# Java VM: OpenJDK 64-Bit Server VM Temurin-17.0.7+7 (17.0.7+7, mixed mode, tiered, compressed oops, compressed class ptrs, g1 gc, windows-amd64)
GC Precious Log:
 CPUs: 4 total, 4 available
 Memory: 7739M
 Large Page Support: Disabled
 NUMA Support: Disabled
 Compressed Oops: Enabled (32-bit)
 Heap Region Size: 1M
 Heap Min Capacity: 8M
 Heap Initial Capacity: 122M
 Heap Max Capacity: 2G
 Pre-touch: Disabled
 Parallel Workers: 4
 Concurrent Workers: 1
 Concurrent Refinement Workers: 4
 Periodic GC: Disabled
Heap:
 garbage-first heap   total 166912K, used 71185K [0x0000000080000000, 0x0000000100000000)
  region size 1024K, 45 young (46080K), 1 survivors (1024K)
 Metaspace       used 32048K, committed 32384K, reserved 1114112K
  class space    used 3371K, committed 3520K, reserved 1048576K
GC Heap History (20 events):
Event: 0.474 GC heap before
{Heap before GC invocations=0 (full 0):
 garbage-first heap   total 124928K, used 14336K [0x0000000080000000, 0x0000000100000000)
  region size 1024K, 13 young (13312K), 0 survivors (0K)
 Metaspace       used 4867K, committed 4928K, reserved 1114112K
  class space    used 393K, committed 448K, reserved 1048576K
}
Event: 0.481 GC heap after
{Heap after GC invocations=1 (full 0):
 garbage-first heap   total 124928K, used 10722K [0x0000000080000000, 0x0000000100000000)
  region size 1024K, 2 young (2048K), 2 survivors (2048K)
 Metaspace       used 4867K, committed 4928K, reserved 1114112K
  class space    used 393K, committed 448K, reserved 1048576K
}
Event: 0.944 GC heap before
{Heap before GC invocations=1 (full 0):
 garbage-first heap   total 124928K, used 19938K [0x0000000080000000, 0x0000000100000000)
  region size 1024K, 10 young (10240K), 2 survivors (2048K)
 Metaspace       used 6764K, committed 6976K, reserved 1114112K
  class space    used 524K, committed 640K, reserved 1048576K
}
Event: 0.947 GC heap after
{Heap after GC invocations=2 (full 0):
 garbage-first heap   total 124928K, used 14136K [0x0000000080000000, 0x0000000100000000)
  region size 1024K, 2 young (2048K), 2 survivors (2048K)
 Metaspace       used 6764K, committed 6976K, reserved 1114112K
  class space    used 524K, committed 640K, reserved 1048576K
}
Event: 2.238 GC heap before
{Heap before GC invocations=2 (full 0):
 garbage-first heap   total 124928K, used 30520K [0x0000000080000000, 0x0000000100000000)
  region size 1024K, 18 young (18432K), 2 survivors (2048K)
 Metaspace       used 10021K, committed 10176K, reserved 1114112K
  class space    used 873K, committed 960K, reserved 1048576K
}
Event: 2.243 GC heap after
{Heap after GC invocations=3 (full 0):
 garbage-first heap   total 124928K, used 15781K [0x0000000080000000, 0x0000000100000000)
  region size 1024K, 3 young (3072K), 3 survivors (3072K)
 Metaspace       used 10021K, committed 10176K, reserved 1114112K
  class space    used 873K, committed 960K, reserved 1048576K
}
Event: 3.625 GC heap before
{Heap before GC invocations=3 (full 0):
 garbage-first heap   total 124928K, used 85413K [0x0000000080000000, 0x0000000100000000)
  region size 1024K, 69 young (70656K), 3 survivors (3072K)
 Metaspace       used 20145K, committed 20352K, reserved 1114112K
  class space    used 2017K, committed 2112K, reserved 1048576K
}
Event: 3.639 GC heap after
{Heap after GC invocations=4 (full 0):
 garbage-first heap   total 124928K, used 22462K [0x0000000080000000, 0x0000000100000000)
  region size 1024K, 8 young (8192K), 8 survivors (8192K)
 Metaspace       used 20145K, committed 20352K, reserved 1114112K
  class space    used 2017K, committed 2112K, reserved 1048576K
}
Event: 3.778 GC heap before
{Heap before GC invocations=4 (full 0):
 garbage-first heap   total 124928K, used 30654K [0x0000000080000000, 0x0000000100000000)
  region size 1024K, 17 young (17408K), 8 survivors (8192K)
 Metaspace       used 21351K, committed 21504K, reserved 1114112K
  class space    used 2232K, committed 2304K, reserved 1048576K
}
Event: 3.790 GC heap after
{Heap after GC invocations=5 (full 0):
 garbage-first heap   total 124928K, used 21363K [0x0000000080000000, 0x0000000100000000)
  region size 1024K, 1 young (1024K), 1 survivors (1024K)
 Metaspace       used 21351K, committed 21504K, reserved 1114112K
  class space    used 2232K, committed 2304K, reserved 1048576K
}
Event: 4.217 GC heap before
{Heap before GC invocations=6 (full 0):
 garbage-first heap   total 75776K, used 64371K [0x0000000080000000, 0x0000000100000000)
  region size 1024K, 44 young (45056K), 1 survivors (1024K)
 Metaspace       used 22128K, committed 22400K, reserved 1114112K
  class space    used 2311K, committed 2432K, reserved 1048576K
}
Event: 4.221 GC heap after
{Heap after GC invocations=7 (full 0):
 garbage-first heap   total 75776K, used 21692K [0x0000000080000000, 0x0000000100000000)
  region size 1024K, 2 young (2048K), 2 survivors (2048K)
 Metaspace       used 22128K, committed 22400K, reserved 1114112K
  class space    used 2311K, committed 2432K, reserved 1048576K
}
Event: 4.224 GC heap before
{Heap before GC invocations=7 (full 0):
 garbage-first heap   total 75776K, used 22716K [0x0000000080000000, 0x0000000100000000)
  region size 1024K, 3 young (3072K), 2 survivors (2048K)
 Metaspace       used 22128K, committed 22400K, reserved 1114112K
  class space    used 2311K, committed 2432K, reserved 1048576K
}
Event: 4.228 GC heap after
{Heap after GC invocations=8 (full 0):
 garbage-first heap   total 75776K, used 21647K [0x0000000080000000, 0x0000000100000000)
  region size 1024K, 1 young (1024K), 1 survivors (1024K)
 Metaspace       used 22128K, committed 22400K, reserved 1114112K
  class space    used 2311K, committed 2432K, reserved 1048576K
}
Event: 4.977 GC heap before
{Heap before GC invocations=8 (full 0):
 garbage-first heap   total 75776K, used 54415K [0x0000000080000000, 0x0000000100000000)
  region size 1024K, 33 young (33792K), 1 survivors (1024K)
 Metaspace       used 25813K, committed 26112K, reserved 1114112K
  class space    used 2694K, committed 2816K, reserved 1048576K
}
Event: 4.985 GC heap after
{Heap after GC invocations=9 (full 0):
 garbage-first heap   total 75776K, used 24160K [0x0000000080000000, 0x0000000100000000)
  region size 1024K, 3 young (3072K), 3 survivors (3072K)
 Metaspace       used 25813K, committed 26112K, reserved 1114112K
  class space    used 2694K, committed 2816K, reserved 1048576K
}
Event: 5.796 GC heap before
{Heap before GC invocations=9 (full 0):
 garbage-first heap   total 75776K, used 55904K [0x0000000080000000, 0x0000000100000000)
  region size 1024K, 34 young (34816K), 3 survivors (3072K)
 Metaspace       used 30617K, committed 30976K, reserved 1114112K
  class space    used 3271K, committed 3456K, reserved 1048576K
}
Event: 5.806 GC heap after
{Heap after GC invocations=10 (full 0):
 garbage-first heap   total 75776K, used 26365K [0x0000000080000000, 0x0000000100000000)
  region size 1024K, 3 young (3072K), 3 survivors (3072K)
 Metaspace       used 30617K, committed 30976K, reserved 1114112K
  class space    used 3271K, committed 3456K, reserved 1048576K
}
Event: 6.030 GC heap before
{Heap before GC invocations=10 (full 0):
 garbage-first heap   total 75776K, used 58109K [0x0000000080000000, 0x0000000100000000)
  region size 1024K, 32 young (32768K), 3 survivors (3072K)
 Metaspace       used 31747K, committed 32128K, reserved 1114112K
  class space    used 3345K, committed 3520K, reserved 1048576K
}
Event: 6.036 GC heap after
{Heap after GC invocations=11 (full 0):
 garbage-first heap   total 166912K, used 27153K [0x0000000080000000, 0x0000000100000000)
  region size 1024K, 1 young (1024K), 1 survivors (1024K)
 Metaspace       used 31747K, committed 32128K, reserved 1114112K
  class space    used 3345K, committed 3520K, reserved 1048576K
}

